1

2

3

4
psql:queries/4.sql:9: ERROR:  syntax error at or near ")"
LINE 7: ) group by
        ^

5

6

7
psql:queries/7.sql:11: ERROR:  syntax error at or near ")"
LINE 8: ) as shipping group by
        ^

8
psql:queries/8.sql:11: ERROR:  syntax error at or near "from"
LINE 3: from
        ^

9
psql:queries/9.sql:18: ERROR:  could not write to file "base/pgsql_tmp/pgsql_tmp159.0": No space left on device
psql:queries/9.sql:20: ERROR:  syntax error at or near "and"
LINE 1: and ps_suppkey = l_suppkey and ps_partkey = l_partkey and p_...
        ^

10

11
psql:queries/11.sql:12: ERROR:  syntax error at or near ")"
LINE 11: ) order by
         ^

12

13
psql:queries/13.sql:13: ERROR:  syntax error at or near "c_custkey"
LINE 9: and o_comment not like '%pending%deposits%' c_custkey
                                                    ^

14

15
psql:queries/15.sql:16: ERROR:  syntax error at or near ")"
LINE 8: ) order by
        ^
psql:queries/15.sql:20: ERROR:  relation "revenue0" does not exist
LINE 4: revenue0
        ^

16

17

18

19
psql:queries/19.sql:9: ERROR:  syntax error at or near ")"
LINE 7: ) or (
        ^
psql:queries/19.sql:27: ERROR:  syntax error at or near "p_partkey"
LINE 1: p_partkey = l_partkey
        ^

20
psql:queries/20.sql:18: ERROR:  syntax error at or near ")"
LINE 15: )
         ^
psql:queries/20.sql:27: ERROR:  column "ps_partkey" does not exist
LINE 6: l_partkey = ps_partkey
                    ^
HINT:  Perhaps you meant to reference the column "lineitem.l_partkey".

21

22
psql:queries/22.sql:28: ERROR:  syntax error at or near ")"
LINE 15: )
         ^

